# JRE version: Java(TM) SE Runtime Environment (17.0.8+9) (build 17.0.8+9-LTS-211)
# Java VM: Java HotSpot(TM) 64-Bit Server VM (17.0.8+9-LTS-211, mixed mode, sharing, tiered, compressed oops, compressed class ptrs, g1 gc, windows-amd64)
GC Precious Log:
 CPUs: 12 total, 12 available
 Memory: 7939M
 Large Page Support: Disabled
 NUMA Support: Disabled
 Compressed Oops: Enabled (32-bit)
 Heap Region Size: 1M
 Heap Min Capacity: 256M
 Heap Initial Capacity: 256M
 Heap Max Capacity: 512M
 Pre-touch: Disabled
 Parallel Workers: 10
 Concurrent Workers: 3
 Concurrent Refinement Workers: 10
 Periodic GC: Disabled
Heap:
 garbage-first heap   total 262144K, used 99527K [0x00000000e0000000, 0x0000000100000000)
  region size 1024K, 53 young (54272K), 4 survivors (4096K)
 Metaspace       used 54925K, committed 55552K, reserved 393216K
  class space    used 7490K, committed 7808K, reserved 327680K
GC Heap History (16 events):
Event: 0.578 GC heap before
{Heap before GC invocations=0 (full 0):
 garbage-first heap   total 262144K, used 26624K [0x00000000e0000000, 0x0000000100000000)
  region size 1024K, 23 young (23552K), 0 survivors (0K)
 Metaspace       used 3054K, committed 3200K, reserved 393216K
  class space    used 391K, committed 448K, reserved 327680K
}
Event: 0.584 GC heap after
{Heap after GC invocations=1 (full 0):
 garbage-first heap   total 262144K, used 10511K [0x00000000e0000000, 0x0000000100000000)
  region size 1024K, 3 young (3072K), 3 survivors (3072K)
 Metaspace       used 3054K, committed 3200K, reserved 393216K
  class space    used 391K, committed 448K, reserved 327680K
}
Event: 0.963 GC heap before
{Heap before GC invocations=1 (full 0):
 garbage-first heap   total 262144K, used 38159K [0x00000000e0000000, 0x0000000100000000)
  region size 1024K, 30 young (30720K), 3 survivors (3072K)
 Metaspace       used 3992K, committed 4160K, reserved 393216K
  class space    used 491K, committed 576K, reserved 327680K
}
Event: 0.966 GC heap after
{Heap after GC invocations=2 (full 0):
 garbage-first heap   total 262144K, used 11300K [0x00000000e0000000, 0x0000000100000000)
  region size 1024K, 1 young (1024K), 1 survivors (1024K)
 Metaspace       used 3992K, committed 4160K, reserved 393216K
  class space    used 491K, committed 576K, reserved 327680K
}
Event: 2.944 GC heap before
{Heap before GC invocations=2 (full 0):
 garbage-first heap   total 262144K, used 131108K [0x00000000e0000000, 0x0000000100000000)
  region size 1024K, 119 young (121856K), 1 survivors (1024K)
 Metaspace       used 21245K, committed 21504K, reserved 393216K
  class space    used 3136K, committed 3264K, reserved 327680K
}
Event: 2.952 GC heap after
{Heap after GC invocations=3 (full 0):
 garbage-first heap   total 262144K, used 22331K [0x00000000e0000000, 0x0000000100000000)
  region size 1024K, 12 young (12288K), 12 survivors (12288K)
 Metaspace       used 21245K, committed 21504K, reserved 393216K
  class space    used 3136K, committed 3264K, reserved 327680K
}
Event: 5.096 GC heap before
{Heap before GC invocations=4 (full 0):
 garbage-first heap   total 262144K, used 140091K [0x00000000e0000000, 0x0000000100000000)
  region size 1024K, 124 young (126976K), 12 survivors (12288K)
 Metaspace       used 35694K, committed 35968K, reserved 393216K
  class space    used 4995K, committed 5120K, reserved 327680K
}
Event: 5.105 GC heap after
{Heap after GC invocations=5 (full 0):
 garbage-first heap   total 262144K, used 31851K [0x00000000e0000000, 0x0000000100000000)
  region size 1024K, 10 young (10240K), 10 survivors (10240K)
 Metaspace       used 35694K, committed 35968K, reserved 393216K
  class space    used 4995K, committed 5120K, reserved 327680K
}
Event: 6.338 GC heap before
{Heap before GC invocations=6 (full 0):
 garbage-first heap   total 262144K, used 179307K [0x00000000e0000000, 0x0000000100000000)
  region size 1024K, 153 young (156672K), 10 survivors (10240K)
 Metaspace       used 48430K, committed 48960K, reserved 393216K
  class space    used 6982K, committed 7232K, reserved 327680K
}
Event: 6.349 GC heap after
{Heap after GC invocations=7 (full 0):
 garbage-first heap   total 262144K, used 41056K [0x00000000e0000000, 0x0000000100000000)
  region size 1024K, 19 young (19456K), 19 survivors (19456K)
 Metaspace       used 48430K, committed 48960K, reserved 393216K
  class space    used 6982K, committed 7232K, reserved 327680K
}
Event: 23.732 GC heap before
{Heap before GC invocations=7 (full 0):
 garbage-first heap   total 262144K, used 177248K [0x00000000e0000000, 0x0000000100000000)
  region size 1024K, 153 young (156672K), 19 survivors (19456K)
 Metaspace       used 52837K, committed 53440K, reserved 393216K
  class space    used 7437K, committed 7744K, reserved 327680K
}
Event: 23.745 GC heap after
{Heap after GC invocations=8 (full 0):
 garbage-first heap   total 262144K, used 47825K [0x00000000e0000000, 0x0000000100000000)
  region size 1024K, 17 young (17408K), 17 survivors (17408K)
 Metaspace       used 52837K, committed 53440K, reserved 393216K
  class space    used 7437K, committed 7744K, reserved 327680K
}
Event: 25.330 GC heap before
{Heap before GC invocations=8 (full 0):
 garbage-first heap   total 262144K, used 186065K [0x00000000e0000000, 0x0000000100000000)
  region size 1024K, 153 young (156672K), 17 survivors (17408K)
 Metaspace       used 53886K, committed 54464K, reserved 393216K
  class space    used 7461K, committed 7744K, reserved 327680K
}
Event: 25.349 GC heap after
{Heap after GC invocations=9 (full 0):
 garbage-first heap   total 262144K, used 61278K [0x00000000e0000000, 0x0000000100000000)
  region size 1024K, 20 young (20480K), 20 survivors (20480K)
 Metaspace       used 53886K, committed 54464K, reserved 393216K
  class space    used 7461K, committed 7744K, reserved 327680K
}
Event: 30.222 GC heap before
{Heap before GC invocations=9 (full 0):
 garbage-first heap   total 262144K, used 196446K [0x00000000e0000000, 0x0000000100000000)
  region size 1024K, 153 young (156672K), 20 survivors (20480K)
 Metaspace       used 54708K, committed 55360K, reserved 393216K
  class space    used 7490K, committed 7808K, reserved 327680K
}
Event: 30.233 GC heap after
{Heap after GC invocations=10 (full 0):
 garbage-first heap   total 262144K, used 51399K [0x00000000e0000000, 0x0000000100000000)
  region size 1024K, 4 young (4096K), 4 survivors (4096K)
 Metaspace       used 54708K, committed 55360K, reserved 393216K
  class space    used 7490K, committed 7808K, reserved 327680K
}

