# JRE version: Java(TM) SE Runtime Environment (17.0.8+9) (build 17.0.8+9-LTS-211)
# Java VM: Java HotSpot(TM) 64-Bit Server VM (17.0.8+9-LTS-211, mixed mode, sharing, tiered, compressed oops, compressed class ptrs, g1 gc, windows-amd64)
GC Precious Log:
 CPUs: 12 total, 12 available
 Memory: 7939M
 Large Page Support: Disabled
 NUMA Support: Disabled
 Compressed Oops: Enabled (32-bit)
 Heap Region Size: 1M
 Heap Min Capacity: 256M
 Heap Initial Capacity: 256M
 Heap Max Capacity: 512M
 Pre-touch: Disabled
 Parallel Workers: 10
 Concurrent Workers: 3
 Concurrent Refinement Workers: 10
 Periodic GC: Disabled
Heap:
 garbage-first heap   total 262144K, used 158440K [0x00000000e0000000, 0x0000000100000000)
  region size 1024K, 126 young (129024K), 1 survivors (1024K)
 Metaspace       used 46968K, committed 47360K, reserved 393216K
  class space    used 6720K, committed 6912K, reserved 327680K
GC Heap History (12 events):
Event: 0.510 GC heap before
{Heap before GC invocations=0 (full 0):
 garbage-first heap   total 262144K, used 26624K [0x00000000e0000000, 0x0000000100000000)
  region size 1024K, 23 young (23552K), 0 survivors (0K)
 Metaspace       used 3039K, committed 3136K, reserved 393216K
  class space    used 391K, committed 448K, reserved 327680K
}
Event: 0.514 GC heap after
{Heap after GC invocations=1 (full 0):
 garbage-first heap   total 262144K, used 10498K [0x00000000e0000000, 0x0000000100000000)
  region size 1024K, 3 young (3072K), 3 survivors (3072K)
 Metaspace       used 3039K, committed 3136K, reserved 393216K
  class space    used 391K, committed 448K, reserved 327680K
}
Event: 0.911 GC heap before
{Heap before GC invocations=1 (full 0):
 garbage-first heap   total 262144K, used 38146K [0x00000000e0000000, 0x0000000100000000)
  region size 1024K, 30 young (30720K), 3 survivors (3072K)
 Metaspace       used 3989K, committed 4160K, reserved 393216K
  class space    used 492K, committed 576K, reserved 327680K
}
Event: 0.914 GC heap after
{Heap after GC invocations=2 (full 0):
 garbage-first heap   total 262144K, used 11420K [0x00000000e0000000, 0x0000000100000000)
  region size 1024K, 1 young (1024K), 1 survivors (1024K)
 Metaspace       used 3989K, committed 4160K, reserved 393216K
  class space    used 492K, committed 576K, reserved 327680K
}
Event: 4.050 GC heap before
{Heap before GC invocations=2 (full 0):
 garbage-first heap   total 262144K, used 130204K [0x00000000e0000000, 0x0000000100000000)
  region size 1024K, 118 young (120832K), 1 survivors (1024K)
 Metaspace       used 21251K, committed 21504K, reserved 393216K
  class space    used 3132K, committed 3264K, reserved 327680K
}
Event: 4.059 GC heap after
{Heap after GC invocations=3 (full 0):
 garbage-first heap   total 262144K, used 22487K [0x00000000e0000000, 0x0000000100000000)
  region size 1024K, 12 young (12288K), 12 survivors (12288K)
 Metaspace       used 21251K, committed 21504K, reserved 393216K
  class space    used 3132K, committed 3264K, reserved 327680K
}
Event: 10.265 GC heap before
{Heap before GC invocations=4 (full 0):
 garbage-first heap   total 262144K, used 140247K [0x00000000e0000000, 0x0000000100000000)
  region size 1024K, 124 young (126976K), 12 survivors (12288K)
 Metaspace       used 35574K, committed 35968K, reserved 393216K
  class space    used 4968K, committed 5184K, reserved 327680K
}
Event: 10.289 GC heap after
{Heap after GC invocations=5 (full 0):
 garbage-first heap   total 262144K, used 31637K [0x00000000e0000000, 0x0000000100000000)
  region size 1024K, 10 young (10240K), 10 survivors (10240K)
 Metaspace       used 35574K, committed 35968K, reserved 393216K
  class space    used 4968K, committed 5184K, reserved 327680K
}
Event: 10.469 GC heap before
{Heap before GC invocations=5 (full 0):
 garbage-first heap   total 262144K, used 33685K [0x00000000e0000000, 0x0000000100000000)
  region size 1024K, 12 young (12288K), 10 survivors (10240K)
 Metaspace       used 35868K, committed 36288K, reserved 393216K
  class space    used 5016K, committed 5248K, reserved 327680K
}
Event: 10.482 GC heap after
{Heap after GC invocations=6 (full 0):
 garbage-first heap   total 262144K, used 30781K [0x00000000e0000000, 0x0000000100000000)
  region size 1024K, 1 young (1024K), 1 survivors (1024K)
 Metaspace       used 35868K, committed 36288K, reserved 393216K
  class space    used 5016K, committed 5248K, reserved 327680K
}
Event: 10.495 GC heap before
{Heap before GC invocations=6 (full 0):
 garbage-first heap   total 262144K, used 30781K [0x00000000e0000000, 0x0000000100000000)
  region size 1024K, 2 young (2048K), 1 survivors (1024K)
 Metaspace       used 35896K, committed 36288K, reserved 393216K
  class space    used 5018K, committed 5248K, reserved 327680K
}
Event: 10.497 GC heap after
{Heap after GC invocations=7 (full 0):
 garbage-first heap   total 262144K, used 30440K [0x00000000e0000000, 0x0000000100000000)
  region size 1024K, 1 young (1024K), 1 survivors (1024K)
 Metaspace       used 35896K, committed 36288K, reserved 393216K
  class space    used 5018K, committed 5248K, reserved 327680K
}

